# JRE version: Java(TM) SE Runtime Environment (17.0.4+11) (build 17.0.4+11-LTS-179)
# Java VM: Java HotSpot(TM) 64-Bit Server VM (17.0.4+11-LTS-179, mixed mode, sharing, tiered, compressed oops, compressed class ptrs, g1 gc, windows-amd64)
GC Precious Log:
 CPUs: 8 total, 8 available
 Memory: 16290M
 Large Page Support: Disabled
 NUMA Support: Disabled
 Compressed Oops: Enabled (32-bit)
 Heap Region Size: 1M
 Heap Min Capacity: 256M
 Heap Initial Capacity: 256M
 Heap Max Capacity: 512M
 Pre-touch: Disabled
 Parallel Workers: 8
 Concurrent Workers: 2
 Concurrent Refinement Workers: 8
 Periodic GC: Disabled
Heap:
 garbage-first heap   total 262144K, used 172636K [0x00000000e0000000, 0x0000000100000000)
  region size 1024K, 22 young (22528K), 1 survivors (1024K)
 Metaspace       used 146395K, committed 147584K, reserved 446464K
  class space    used 18720K, committed 19328K, reserved 315392K
GC Heap History (20 events):
Event: 8352.006 GC heap before
{Heap before GC invocations=47 (full 0):
 garbage-first heap   total 262144K, used 212387K [0x00000000e0000000, 0x0000000100000000)
  region size 1024K, 97 young (99328K), 2 survivors (2048K)
 Metaspace       used 114995K, committed 116096K, reserved 421888K
  class space    used 15289K, committed 15872K, reserved 315392K
}
Event: 8352.011 GC heap after
{Heap after GC invocations=48 (full 0):
 garbage-first heap   total 262144K, used 118945K [0x00000000e0000000, 0x0000000100000000)
  region size 1024K, 5 young (5120K), 5 survivors (5120K)
 Metaspace       used 114995K, committed 116096K, reserved 421888K
  class space    used 15289K, committed 15872K, reserved 315392K
}
Event: 8352.825 GC heap before
{Heap before GC invocations=49 (full 0):
 garbage-first heap   total 262144K, used 217249K [0x00000000e0000000, 0x0000000100000000)
  region size 1024K, 100 young (102400K), 5 survivors (5120K)
 Metaspace       used 120726K, committed 121856K, reserved 421888K
  class space    used 15887K, committed 16448K, reserved 315392K
}
Event: 8352.833 GC heap after
{Heap after GC invocations=50 (full 0):
 garbage-first heap   total 262144K, used 124624K [0x00000000e0000000, 0x0000000100000000)
  region size 1024K, 11 young (11264K), 11 survivors (11264K)
 Metaspace       used 120726K, committed 121856K, reserved 421888K
  class space    used 15887K, committed 16448K, reserved 315392K
}
Event: 8352.851 GC heap before
{Heap before GC invocations=50 (full 0):
 garbage-first heap   total 262144K, used 125648K [0x00000000e0000000, 0x0000000100000000)
  region size 1024K, 12 young (12288K), 11 survivors (11264K)
 Metaspace       used 120901K, committed 121984K, reserved 421888K
  class space    used 15908K, committed 16448K, reserved 315392K
}
Event: 8352.863 GC heap after
{Heap after GC invocations=51 (full 0):
 garbage-first heap   total 262144K, used 124125K [0x00000000e0000000, 0x0000000100000000)
  region size 1024K, 2 young (2048K), 2 survivors (2048K)
 Metaspace       used 120901K, committed 121984K, reserved 421888K
  class space    used 15908K, committed 16448K, reserved 315392K
}
Event: 8353.713 GC heap before
{Heap before GC invocations=51 (full 0):
 garbage-first heap   total 262144K, used 217309K [0x00000000e0000000, 0x0000000100000000)
  region size 1024K, 93 young (95232K), 2 survivors (2048K)
 Metaspace       used 133262K, committed 134400K, reserved 438272K
  class space    used 17206K, committed 17792K, reserved 315392K
}
Event: 8353.716 GC heap after
{Heap after GC invocations=52 (full 0):
 garbage-first heap   total 262144K, used 124833K [0x00000000e0000000, 0x0000000100000000)
  region size 1024K, 3 young (3072K), 3 survivors (3072K)
 Metaspace       used 133262K, committed 134400K, reserved 438272K
  class space    used 17206K, committed 17792K, reserved 315392K
}
Event: 8354.291 GC heap before
{Heap before GC invocations=53 (full 0):
 garbage-first heap   total 262144K, used 219041K [0x00000000e0000000, 0x0000000100000000)
  region size 1024K, 95 young (97280K), 3 survivors (3072K)
 Metaspace       used 136243K, committed 137344K, reserved 438272K
  class space    used 17476K, committed 18048K, reserved 315392K
}
Event: 8354.298 GC heap after
{Heap after GC invocations=54 (full 0):
 garbage-first heap   total 262144K, used 134046K [0x00000000e0000000, 0x0000000100000000)
  region size 1024K, 12 young (12288K), 12 survivors (12288K)
 Metaspace       used 136243K, committed 137344K, reserved 438272K
  class space    used 17476K, committed 18048K, reserved 315392K
}
Event: 8354.299 GC heap before
{Heap before GC invocations=54 (full 0):
 garbage-first heap   total 262144K, used 135070K [0x00000000e0000000, 0x0000000100000000)
  region size 1024K, 13 young (13312K), 12 survivors (12288K)
 Metaspace       used 136248K, committed 137408K, reserved 438272K
  class space    used 17476K, committed 18048K, reserved 315392K
}
Event: 8354.306 GC heap after
{Heap after GC invocations=55 (full 0):
 garbage-first heap   total 262144K, used 133291K [0x00000000e0000000, 0x0000000100000000)
  region size 1024K, 1 young (1024K), 1 survivors (1024K)
 Metaspace       used 136248K, committed 137408K, reserved 438272K
  class space    used 17476K, committed 18048K, reserved 315392K
}
Event: 8355.357 GC heap before
{Heap before GC invocations=55 (full 0):
 garbage-first heap   total 262144K, used 202923K [0x00000000e0000000, 0x0000000100000000)
  region size 1024K, 70 young (71680K), 1 survivors (1024K)
 Metaspace       used 140258K, committed 141440K, reserved 446464K
  class space    used 17848K, committed 18432K, reserved 315392K
}
Event: 8355.362 GC heap after
{Heap after GC invocations=56 (full 0):
 garbage-first heap   total 262144K, used 131929K [0x00000000e0000000, 0x0000000100000000)
  region size 1024K, 7 young (7168K), 7 survivors (7168K)
 Metaspace       used 140258K, committed 141440K, reserved 446464K
  class space    used 17848K, committed 18432K, reserved 315392K
}
Event: 8356.173 GC heap before
{Heap before GC invocations=57 (full 0):
 garbage-first heap   total 262144K, used 227161K [0x00000000e0000000, 0x0000000100000000)
  region size 1024K, 87 young (89088K), 7 survivors (7168K)
 Metaspace       used 144934K, committed 146112K, reserved 446464K
  class space    used 18520K, committed 19072K, reserved 315392K
}
Event: 8356.181 GC heap after
{Heap after GC invocations=58 (full 0):
 garbage-first heap   total 262144K, used 155091K [0x00000000e0000000, 0x0000000100000000)
  region size 1024K, 9 young (9216K), 9 survivors (9216K)
 Metaspace       used 144934K, committed 146112K, reserved 446464K
  class space    used 18520K, committed 19072K, reserved 315392K
}
Event: 8356.205 GC heap before
{Heap before GC invocations=58 (full 0):
 garbage-first heap   total 262144K, used 158163K [0x00000000e0000000, 0x0000000100000000)
  region size 1024K, 12 young (12288K), 9 survivors (9216K)
 Metaspace       used 145413K, committed 146624K, reserved 446464K
  class space    used 18575K, committed 19136K, reserved 315392K
}
Event: 8356.211 GC heap after
{Heap after GC invocations=59 (full 0):
 garbage-first heap   total 262144K, used 152342K [0x00000000e0000000, 0x0000000100000000)
  region size 1024K, 1 young (1024K), 1 survivors (1024K)
 Metaspace       used 145413K, committed 146624K, reserved 446464K
  class space    used 18575K, committed 19136K, reserved 315392K
}
Event: 8356.295 GC heap before
{Heap before GC invocations=59 (full 0):
 garbage-first heap   total 262144K, used 159510K [0x00000000e0000000, 0x0000000100000000)
  region size 1024K, 9 young (9216K), 1 survivors (1024K)
 Metaspace       used 146391K, committed 147584K, reserved 446464K
  class space    used 18720K, committed 19328K, reserved 315392K
}
Event: 8356.297 GC heap after
{Heap after GC invocations=60 (full 0):
 garbage-first heap   total 262144K, used 152156K [0x00000000e0000000, 0x0000000100000000)
  region size 1024K, 1 young (1024K), 1 survivors (1024K)
 Metaspace       used 146391K, committed 147584K, reserved 446464K
  class space    used 18720K, committed 19328K, reserved 315392K
}

